0 info it worked if it ends with ok
1 verbose cli [ '/home/krds-keshvan/.nvm/versions/node/v4.4.1/bin/node',
1 verbose cli   '/home/krds-keshvan/.nvm/versions/node/v4.4.1/bin/npm',
1 verbose cli   'start' ]
2 info using npm@3.8.5
3 info using node@v4.4.1
4 verbose stack Error: missing script: start
4 verbose stack     at run (/home/krds-keshvan/.nvm/versions/node/v4.4.1/lib/node_modules/npm/lib/run-script.js:147:19)
4 verbose stack     at /home/krds-keshvan/.nvm/versions/node/v4.4.1/lib/node_modules/npm/lib/run-script.js:57:5
4 verbose stack     at /home/krds-keshvan/.nvm/versions/node/v4.4.1/lib/node_modules/npm/node_modules/read-package-json/read-json.js:345:5
4 verbose stack     at checkBinReferences_ (/home/krds-keshvan/.nvm/versions/node/v4.4.1/lib/node_modules/npm/node_modules/read-package-json/read-json.js:309:45)
4 verbose stack     at final (/home/krds-keshvan/.nvm/versions/node/v4.4.1/lib/node_modules/npm/node_modules/read-package-json/read-json.js:343:3)
4 verbose stack     at then (/home/krds-keshvan/.nvm/versions/node/v4.4.1/lib/node_modules/npm/node_modules/read-package-json/read-json.js:113:5)
4 verbose stack     at ReadFileContext.<anonymous> (/home/krds-keshvan/.nvm/versions/node/v4.4.1/lib/node_modules/npm/node_modules/read-package-json/read-json.js:284:20)
4 verbose stack     at ReadFileContext.callback (/home/krds-keshvan/.nvm/versions/node/v4.4.1/lib/node_modules/npm/node_modules/graceful-fs/graceful-fs.js:78:16)
4 verbose stack     at FSReqWrap.readFileAfterOpen [as oncomplete] (fs.js:303:13)
5 verbose cwd /home/krds-keshvan/chat-bot-kt/express-fb-bot
6 error Linux 4.4.0-31-generic
7 error argv "/home/krds-keshvan/.nvm/versions/node/v4.4.1/bin/node" "/home/krds-keshvan/.nvm/versions/node/v4.4.1/bin/npm" "start"
8 error node v4.4.1
9 error npm  v3.8.5
10 error missing script: start
11 error If you need help, you may report this error at:
11 error     <https://github.com/npm/npm/issues>
12 verbose exit [ 1, true ]
